<?xml version="1.0" encoding="UTF-8"?>
<testsuite name="com.epam.examples.runner.SearchTestRunner" tests="1" skipped="0" failures="1" errors="0" timestamp="2015-04-11T23:42:06" hostname="lu" time="2.86">
  <properties/>
  <testcase name="run" classname="com.epam.examples.runner.SearchTestRunner" time="2.86">
    <failure message="org.jbehave.core.embedder.Embedder$RunningStoriesFailed: Failures in running stories: ReportsCount[stories=1,storiesNotAllowed=0,storiesPending=0,scenarios=2,scenariosFailed=2,scenariosNotAllowed=0,scenariosPending=0,stepsFailed=4]" type="org.jbehave.core.embedder.Embedder$RunningStoriesFailed">org.jbehave.core.embedder.Embedder$RunningStoriesFailed: Failures in running stories: ReportsCount[stories=1,storiesNotAllowed=0,storiesPending=0,scenarios=2,scenariosFailed=2,scenariosNotAllowed=0,scenariosPending=0,stepsFailed=4]
	at org.jbehave.core.embedder.Embedder$ThrowingRunningStoriesFailed.handleFailures(Embedder.java:525)
	at org.jbehave.core.embedder.Embedder.handleFailures(Embedder.java:269)
	at org.jbehave.core.embedder.Embedder.generateReportsView(Embedder.java:256)
	at org.jbehave.core.embedder.Embedder.generateReportsView(Embedder.java:237)
	at org.jbehave.core.embedder.Embedder.runStoriesAsPaths(Embedder.java:213)
	at org.jbehave.core.junit.JUnitStories.run(JUnitStories.java:20)
	at sun.reflect.NativeMethodAccessorImpl.invoke0(Native Method)
	at sun.reflect.NativeMethodAccessorImpl.invoke(NativeMethodAccessorImpl.java:57)
	at sun.reflect.DelegatingMethodAccessorImpl.invoke(DelegatingMethodAccessorImpl.java:43)
	at java.lang.reflect.Method.invoke(Method.java:606)
	at org.junit.runners.model.FrameworkMethod$1.runReflectiveCall(FrameworkMethod.java:47)
	at org.junit.internal.runners.model.ReflectiveCallable.run(ReflectiveCallable.java:12)
	at org.junit.runners.model.FrameworkMethod.invokeExplosively(FrameworkMethod.java:44)
	at org.junit.internal.runners.statements.InvokeMethod.evaluate(InvokeMethod.java:17)
	at org.junit.runners.ParentRunner.runLeaf(ParentRunner.java:271)
	at org.junit.runners.BlockJUnit4ClassRunner.runChild(BlockJUnit4ClassRunner.java:70)
	at org.junit.runners.BlockJUnit4ClassRunner.runChild(BlockJUnit4ClassRunner.java:50)
	at org.junit.runners.ParentRunner$3.run(ParentRunner.java:238)
	at org.junit.runners.ParentRunner$1.schedule(ParentRunner.java:63)
	at org.junit.runners.ParentRunner.runChildren(ParentRunner.java:236)
	at org.junit.runners.ParentRunner.access$000(ParentRunner.java:53)
	at org.junit.runners.ParentRunner$2.evaluate(ParentRunner.java:229)
	at org.junit.runners.ParentRunner.run(ParentRunner.java:309)
	at org.gradle.api.internal.tasks.testing.junit.JUnitTestClassExecuter.runTestClass(JUnitTestClassExecuter.java:86)
	at org.gradle.api.internal.tasks.testing.junit.JUnitTestClassExecuter.execute(JUnitTestClassExecuter.java:49)
	at org.gradle.api.internal.tasks.testing.junit.JUnitTestClassProcessor.processTestClass(JUnitTestClassProcessor.java:69)
	at org.gradle.api.internal.tasks.testing.SuiteTestClassProcessor.processTestClass(SuiteTestClassProcessor.java:48)
	at sun.reflect.NativeMethodAccessorImpl.invoke0(Native Method)
	at sun.reflect.NativeMethodAccessorImpl.invoke(NativeMethodAccessorImpl.java:57)
	at sun.reflect.DelegatingMethodAccessorImpl.invoke(DelegatingMethodAccessorImpl.java:43)
	at java.lang.reflect.Method.invoke(Method.java:606)
	at org.gradle.messaging.dispatch.ReflectionDispatch.dispatch(ReflectionDispatch.java:35)
	at org.gradle.messaging.dispatch.ReflectionDispatch.dispatch(ReflectionDispatch.java:24)
	at org.gradle.messaging.dispatch.ContextClassLoaderDispatch.dispatch(ContextClassLoaderDispatch.java:32)
	at org.gradle.messaging.dispatch.ProxyDispatchAdapter$DispatchingInvocationHandler.invoke(ProxyDispatchAdapter.java:93)
	at com.sun.proxy.$Proxy2.processTestClass(Unknown Source)
	at org.gradle.api.internal.tasks.testing.worker.TestWorker.processTestClass(TestWorker.java:105)
	at sun.reflect.NativeMethodAccessorImpl.invoke0(Native Method)
	at sun.reflect.NativeMethodAccessorImpl.invoke(NativeMethodAccessorImpl.java:57)
	at sun.reflect.DelegatingMethodAccessorImpl.invoke(DelegatingMethodAccessorImpl.java:43)
	at java.lang.reflect.Method.invoke(Method.java:606)
	at org.gradle.messaging.dispatch.ReflectionDispatch.dispatch(ReflectionDispatch.java:35)
	at org.gradle.messaging.dispatch.ReflectionDispatch.dispatch(ReflectionDispatch.java:24)
	at org.gradle.messaging.remote.internal.hub.MessageHub$Handler.run(MessageHub.java:355)
	at org.gradle.internal.concurrent.DefaultExecutorFactory$StoppableExecutorImpl$1.run(DefaultExecutorFactory.java:64)
	at java.util.concurrent.ThreadPoolExecutor.runWorker(ThreadPoolExecutor.java:1145)
	at java.util.concurrent.ThreadPoolExecutor$Worker.run(ThreadPoolExecutor.java:615)
	at java.lang.Thread.run(Thread.java:744)
</failure>
  </testcase>
  <system-out><![CDATA[Processing system properties {}
Using controls EmbedderControls[batch=false,skip=false,generateViewAfterStories=true,ignoreFailureInStories=false,ignoreFailureInView=false,verboseFailures=false,verboseFiltering=false,storyTimeoutInSecs=1000,failOnStoryTimeout=false,threads=1]
Running story Search.story

(Search.story)
Narrative:
In order to use application functionality
As a user
I want to verify search window
Scenario: 1.1.1 Verify that enter correct value in search field will give search results
com.epam.examples.steps.SearchSteps.setupPages() (FAILED)
(org.jbehave.core.failures.BeforeOrAfterFailed: Method setupPages (annotated with @BeforeScenario in class com.epam.examples.steps.SearchSteps) failed: org.jbehave.web.selenium.DelegatingWebDriverProvider$DelegateWebDriverNotFound: WebDriver has not been found for this thread.
Please verify you are using the correct WebDriverProvider, with the appropriate credentials if using remote access, e.g. to SauceLabs: -DSAUCE_USERNAME=xxxxxx -DSAUCE_ACCESS_KEY=xxx-xxxx-xxxx-xxxx-xxx )
Given I am on search page (NOT PERFORMED)
When Enter the value in Search field whether (NOT PERFORMED)
And click on search button (NOT PERFORMED)
Then verify the search results (NOT PERFORMED)
Screenshot of page '[unknown page title]. Will try again. Cause: WebDriver has not been found for this thread.
Please verify you are using the correct WebDriverProvider, with the appropriate credentials if using remote access, e.g. to SauceLabs: -DSAUCE_USERNAME=xxxxxx -DSAUCE_ACCESS_KEY=xxx-xxxx-xxxx-xxxx-xxx 

(BeforeStories)
org.jbehave.web.selenium.PerStoriesWebDriverSteps.beforeStories() (FAILED)
(org.jbehave.core.failures.BeforeOrAfterFailed: Method beforeStories (annotated with @BeforeStories in class org.jbehave.web.selenium.PerStoriesWebDriverSteps) failed: java.lang.IllegalStateException: The path to the driver executable must be set by the webdriver.ie.driver system property; for more information, see http://code.google.com/p/selenium/wiki/InternetExplorerDriver. The latest version can be downloaded from http://selenium-release.storage.googleapis.com/index.html)


(AfterStories)
org.jbehave.web.selenium.PerStoriesWebDriverSteps.afterStories() (FAILED)
(org.jbehave.core.failures.BeforeOrAfterFailed: Method afterStories (annotated with @AfterStories in class org.jbehave.web.selenium.PerStoriesWebDriverSteps) failed: java.lang.NullPointerException)

Generating reports view to 'C:\Users\Lili\Desktop\ProjectExample\target\jbehave' using formats '[xml, stats, console, html]' and view properties '{navigator=ftl/jbehave-navigator.ftl, views=ftl/jbehave-views.ftl, reports=ftl/jbehave-reports-with-totals.ftl, nonDecorated=ftl/jbehave-report-non-decorated.ftl, decorated=ftl/jbehave-report-decorated.ftl, maps=ftl/jbehave-maps.ftl}'

Scenario: 1.1.2 Verify that enter incorrect value in search field will not give any results
com.epam.examples.steps.SearchSteps.setupPages() (FAILED)
(org.jbehave.core.failures.BeforeOrAfterFailed: Method setupPages (annotated with @BeforeScenario in class com.epam.examples.steps.SearchSteps) failed: org.jbehave.web.selenium.DelegatingWebDriverProvider$DelegateWebDriverNotFound: WebDriver has not been found for this thread.
Please verify you are using the correct WebDriverProvider, with the appropriate credentials if using remote access, e.g. to SauceLabs: -DSAUCE_USERNAME=xxxxxx -DSAUCE_ACCESS_KEY=xxx-xxxx-xxxx-xxxx-xxx )
Given I am on search page (NOT PERFORMED)
When Enter the value in Search field --- (NOT PERFORMED)
And click on search button (NOT PERFORMED)
Then verify the message (NOT PERFORMED)
Screenshot of page '[unknown page title]. Will try again. Cause: WebDriver has not been found for this thread.
Please verify you are using the correct WebDriverProvider, with the appropriate credentials if using remote access, e.g. to SauceLabs: -DSAUCE_USERNAME=xxxxxx -DSAUCE_ACCESS_KEY=xxx-xxxx-xxxx-xxxx-xxx 
Reports view generated with 1 stories (of which 0 pending) containing 2 scenarios (of which 0 pending)
]]></system-out>
  <system-err><![CDATA[Screenshot of page '[unknown page title]' has **NOT** been saved to 'C:\Users\Lili\Desktop\ProjectExample\target\jbehave/screenshots/failed-scenario-030812fc-b34a-430c-bc0c-8d9ced485081.png' because error 'WebDriver has not been found for this thread.
Please verify you are using the correct WebDriverProvider, with the appropriate credentials if using remote access, e.g. to SauceLabs: -DSAUCE_USERNAME=xxxxxx -DSAUCE_ACCESS_KEY=xxx-xxxx-xxxx-xxxx-xxx ' encountered. Stack trace follows:
org.jbehave.web.selenium.DelegatingWebDriverProvider$DelegateWebDriverNotFound: WebDriver has not been found for this thread.
Please verify you are using the correct WebDriverProvider, with the appropriate credentials if using remote access, e.g. to SauceLabs: -DSAUCE_USERNAME=xxxxxx -DSAUCE_ACCESS_KEY=xxx-xxxx-xxxx-xxxx-xxx 
	at org.jbehave.web.selenium.DelegatingWebDriverProvider.get(DelegatingWebDriverProvider.java:24)
	at org.jbehave.web.selenium.DelegatingWebDriverProvider.saveScreenshotTo(DelegatingWebDriverProvider.java:35)
	at org.jbehave.web.selenium.WebDriverScreenshotOnFailure.afterScenarioFailure(WebDriverScreenshotOnFailure.java:50)
	at sun.reflect.NativeMethodAccessorImpl.invoke0(Native Method)
	at sun.reflect.NativeMethodAccessorImpl.invoke(NativeMethodAccessorImpl.java:57)
	at sun.reflect.DelegatingMethodAccessorImpl.invoke(DelegatingMethodAccessorImpl.java:43)
	at java.lang.reflect.Method.invoke(Method.java:606)
	at org.jbehave.core.steps.StepCreator$MethodInvoker.invoke(StepCreator.java:798)
	at org.jbehave.core.steps.StepCreator$BeforeOrAfterStep.perform(StepCreator.java:489)
	at org.jbehave.core.steps.StepCreator$UponFailureStep.doNotPerform(StepCreator.java:557)
	at org.jbehave.core.embedder.StoryRunner$SomethingHappened.run(StoryRunner.java:570)
	at org.jbehave.core.embedder.StoryRunner.runStepsWhileKeepingState(StoryRunner.java:515)
	at org.jbehave.core.embedder.StoryRunner.runBeforeOrAfterScenarioSteps(StoryRunner.java:465)
	at org.jbehave.core.embedder.StoryRunner.runCancellable(StoryRunner.java:310)
	at org.jbehave.core.embedder.StoryRunner.run(StoryRunner.java:220)
	at org.jbehave.core.embedder.StoryRunner.run(StoryRunner.java:181)
	at org.jbehave.core.embedder.StoryManager$EnqueuedStory.call(StoryManager.java:255)
	at org.jbehave.core.embedder.StoryManager$EnqueuedStory.call(StoryManager.java:222)
	at java.util.concurrent.FutureTask.run(FutureTask.java:262)
	at java.util.concurrent.ThreadPoolExecutor.runWorker(ThreadPoolExecutor.java:1145)
	at java.util.concurrent.ThreadPoolExecutor$Worker.run(ThreadPoolExecutor.java:615)
	at java.lang.Thread.run(Thread.java:744)
Screenshot of page '[unknown page title]' has **NOT** been saved to 'C:\Users\Lili\Desktop\ProjectExample\target\jbehave/screenshots/failed-scenario-6315e54f-2f2e-41df-936b-474c176bc3a3.png' because error 'WebDriver has not been found for this thread.
Please verify you are using the correct WebDriverProvider, with the appropriate credentials if using remote access, e.g. to SauceLabs: -DSAUCE_USERNAME=xxxxxx -DSAUCE_ACCESS_KEY=xxx-xxxx-xxxx-xxxx-xxx ' encountered. Stack trace follows:
org.jbehave.web.selenium.DelegatingWebDriverProvider$DelegateWebDriverNotFound: WebDriver has not been found for this thread.
Please verify you are using the correct WebDriverProvider, with the appropriate credentials if using remote access, e.g. to SauceLabs: -DSAUCE_USERNAME=xxxxxx -DSAUCE_ACCESS_KEY=xxx-xxxx-xxxx-xxxx-xxx 
	at org.jbehave.web.selenium.DelegatingWebDriverProvider.get(DelegatingWebDriverProvider.java:24)
	at org.jbehave.web.selenium.DelegatingWebDriverProvider.saveScreenshotTo(DelegatingWebDriverProvider.java:35)
	at org.jbehave.web.selenium.WebDriverScreenshotOnFailure.afterScenarioFailure(WebDriverScreenshotOnFailure.java:50)
	at sun.reflect.NativeMethodAccessorImpl.invoke0(Native Method)
	at sun.reflect.NativeMethodAccessorImpl.invoke(NativeMethodAccessorImpl.java:57)
	at sun.reflect.DelegatingMethodAccessorImpl.invoke(DelegatingMethodAccessorImpl.java:43)
	at java.lang.reflect.Method.invoke(Method.java:606)
	at org.jbehave.core.steps.StepCreator$MethodInvoker.invoke(StepCreator.java:798)
	at org.jbehave.core.steps.StepCreator$BeforeOrAfterStep.perform(StepCreator.java:489)
	at org.jbehave.core.steps.StepCreator$UponFailureStep.doNotPerform(StepCreator.java:557)
	at org.jbehave.core.embedder.StoryRunner$SomethingHappened.run(StoryRunner.java:570)
	at org.jbehave.core.embedder.StoryRunner.runStepsWhileKeepingState(StoryRunner.java:515)
	at org.jbehave.core.embedder.StoryRunner.runBeforeOrAfterScenarioSteps(StoryRunner.java:465)
	at org.jbehave.core.embedder.StoryRunner.runCancellable(StoryRunner.java:310)
	at org.jbehave.core.embedder.StoryRunner.run(StoryRunner.java:220)
	at org.jbehave.core.embedder.StoryRunner.run(StoryRunner.java:181)
	at org.jbehave.core.embedder.StoryManager$EnqueuedStory.call(StoryManager.java:255)
	at org.jbehave.core.embedder.StoryManager$EnqueuedStory.call(StoryManager.java:222)
	at java.util.concurrent.FutureTask.run(FutureTask.java:262)
	at java.util.concurrent.ThreadPoolExecutor.runWorker(ThreadPoolExecutor.java:1145)
	at java.util.concurrent.ThreadPoolExecutor$Worker.run(ThreadPoolExecutor.java:615)
	at java.lang.Thread.run(Thread.java:744)
]]></system-err>
</testsuite>
